<?xml version="1.0" encoding="UTF-8"?>
<!-- Persistence deployment descriptor for dev profile -->
<persistence xmlns="http://java.sun.com/xml/ns/persistence"
	xmlns:xsi="http://www.w3.org/2001/XMLSchema-instance"
	xsi:schemaLocation="http://java.sun.com/xml/ns/persistence http://java.sun.com/xml/ns/persistence/persistence_2_0.xsd"
	version="2.0">

	<persistence-unit name="sisgm" transaction-type="JTA">
		<provider>org.hibernate.ejb.HibernatePersistence</provider>
		<jta-data-source>java:/greenDatasource</jta-data-source>
		
		<properties>
			<property name="hibernate.dialect" value="org.hibernate.dialect.PostgreSQLDialect" />
			<property name="hibernate.hbm2ddl.auto" value="none" />
			<property name="hibernate.show_sql" value="false" />
			<property name="hibernate.format_sql" value="true" />
			<property name="org.hibernate.envers.default_schema" value="auditoria" />
			<property name="jboss.entity.manager.factory.jndi.name" value="java:/greenEntityManagerFactory" />
			<property name="hibernate.connection.release_mode" value="auto" />
			<property name="hibernate.ejb.naming_strategy" value="org.hibernate.cfg.ImprovedNamingStrategy" />
			<property name="hibernate.temp.use_jdbc_metadata_defaults" value="false" />
		</properties>
	</persistence-unit>


	<persistence-unit name="cnab" transaction-type="JTA">
		<provider>org.hibernate.ejb.HibernatePersistence</provider>
		<non-jta-data-source>java:/cnabDatasource</non-jta-data-source>
		
		<properties>
			<property name="hibernate.dialect" value="org.hibernate.dialect.PostgreSQLDialect" />
			<property name="hibernate.hbm2ddl.auto" value="none" />
			<property name="hibernate.show_sql" value="false" />
			<property name="hibernate.format_sql" value="true" />
			<property name="org.hibernate.envers.default_schema" value="cnab" />
			<property name="jboss.entity.manager.factory.jndi.name" value="java:/greenCnabEntityManagerFactory" />
			<property name="hibernate.connection.release_mode" value="auto" />
			<property name="hibernate.ejb.naming_strategy" value="org.hibernate.cfg.ImprovedNamingStrategy" />
			<property name="hibernate.temp.use_jdbc_metadata_defaults" value="false" />
		</properties>
	</persistence-unit>
	
	<persistence-unit name="gpa" transaction-type="JTA">
		<provider>org.hibernate.ejb.HibernatePersistence</provider>
		<non-jta-data-source>java:/gpaSisgmDatasource</non-jta-data-source>
		
		<properties>
			<property name="hibernate.dialect" value="org.hibernate.dialect.PostgreSQLDialect" />
			<property name="hibernate.hbm2ddl.auto" value="none" />
			<property name="hibernate.show_sql" value="false" />
			<property name="hibernate.format_sql" value="true" />
			<property name="org.hibernate.envers.default_schema" value="auditoria" />
			<property name="jboss.entity.manager.factory.jndi.name" value="java:/greenGpaSisgmEntityManagerFactory" />
			<property name="hibernate.connection.release_mode" value="auto" />
			<property name="hibernate.ejb.naming_strategy" value="org.hibernate.cfg.ImprovedNamingStrategy" />
			<property name="hibernate.temp.use_jdbc_metadata_defaults" value="false" />
		</properties>
	</persistence-unit>

</persistence>
